@!@!@STARTMSG 2262:0 @!@!@
TLC2 Version 2.16 of Day Month 20?? (rev: f56cf14)
@!@!@ENDMSG 2262 @!@!@
@!@!@STARTMSG 2188:0 @!@!@
Running Random Simulation with seed 9041539112728027890 with 8 workers on 16 cores with 2428MB heap and 5460MB offheap memory [pid: 26057] (Mac OS X 10.16 x86_64, AdoptOpenJDK 14.0.1 x86_64).
@!@!@ENDMSG 2188 @!@!@
@!@!@STARTMSG 2220:0 @!@!@
Starting SANY...
@!@!@ENDMSG 2220 @!@!@
Parsing file /Users/jordanhalterman/Projects/uonos-tlaplus/SDRAN/SDRAN.toolbox/SDRAN/MC.tla
Parsing file /Users/jordanhalterman/Projects/uonos-tlaplus/SDRAN/SDRAN.toolbox/SDRAN/SDRAN.tla
Parsing file /Applications/TLA+ Toolbox.app/Contents/Eclipse/plugins/org.lamport.tlatools_1.0.0.202108042323/tla2sany/StandardModules/TLC.tla
Parsing file /Users/jordanhalterman/Projects/uonos-tlaplus/SDRAN/SDRAN.toolbox/SDRAN/API.tla
Parsing file /Applications/TLA+ Toolbox.app/Contents/Eclipse/plugins/org.lamport.tlatools_1.0.0.202108042323/tla2sany/StandardModules/Sequences.tla
Parsing file /Applications/TLA+ Toolbox.app/Contents/Eclipse/plugins/org.lamport.tlatools_1.0.0.202108042323/tla2sany/StandardModules/FiniteSets.tla
Parsing file /Users/jordanhalterman/Projects/uonos-tlaplus/SDRAN/SDRAN.toolbox/SDRAN/Topo.tla
Parsing file /Users/jordanhalterman/Projects/uonos-tlaplus/SDRAN/SDRAN.toolbox/SDRAN/E2T.tla
Parsing file /Users/jordanhalterman/Projects/uonos-tlaplus/SDRAN/SDRAN.toolbox/SDRAN/E2Node.tla
Parsing file /Users/jordanhalterman/Projects/uonos-tlaplus/SDRAN/SDRAN.toolbox/SDRAN/xApp.tla
Parsing file /Users/jordanhalterman/Projects/uonos-tlaplus/SDRAN/SDRAN.toolbox/SDRAN/Protocols.tla
Parsing file /Applications/TLA+ Toolbox.app/Contents/Eclipse/plugins/org.lamport.tlatools_1.0.0.202108042323/tla2sany/StandardModules/Naturals.tla
Parsing file /Users/jordanhalterman/Projects/uonos-tlaplus/SDRAN/SDRAN.toolbox/SDRAN/SCTP.tla
Parsing file /Users/jordanhalterman/Projects/uonos-tlaplus/SDRAN/SDRAN.toolbox/SDRAN/GRPC.tla
Semantic processing of module Naturals
Semantic processing of module Sequences
Semantic processing of module FiniteSets
Semantic processing of module TLC
Semantic processing of module SCTP
Semantic processing of module GRPC
Semantic processing of module Protocols
Semantic processing of module API
Semantic processing of module Topo
Semantic processing of module E2T
Semantic processing of module E2Node
Semantic processing of module xApp
Semantic processing of module SDRAN
Semantic processing of module MC
@!@!@STARTMSG 2219:0 @!@!@
SANY finished.
@!@!@ENDMSG 2219 @!@!@
@!@!@STARTMSG 2185:0 @!@!@
Starting... (2021-08-13 17:41:10)
@!@!@ENDMSG 2185 @!@!@
@!@!@STARTMSG 2269:0 @!@!@
Computed 1 initial states...
@!@!@ENDMSG 2269 @!@!@
@!@!@STARTMSG 2280:1 @!@!@
In evaluation, the identifier e2apServers is either undefined or not an operator.
line 11, col 1 to line 11, col 25 of module API
@!@!@ENDMSG 2280 @!@!@
@!@!@STARTMSG 2121:1 @!@!@
The behavior up to this point is:
@!@!@ENDMSG 2121 @!@!@
@!@!@STARTMSG 2217:4 @!@!@
1: <Init line 37, col 4 to line 43, col 58 of module SDRAN>
/\ e2tServers = {}
/\ e2apServers = {}
/\ e2apConns = << >>
/\ topoServers = {}
/\ topoConns = << >>
/\ e2tConns = << >>

@!@!@ENDMSG 2217 @!@!@
@!@!@STARTMSG 2209:0 @!@!@
Progress(0) at 2021-08-13 17:41:10: 1 states generated, -1 distinct states found, -1 states left on queue.
@!@!@ENDMSG 2209 @!@!@
@!@!@STARTMSG 2186:0 @!@!@
Finished in 569ms at (2021-08-13 17:41:10)
@!@!@ENDMSG 2186 @!@!@
