@!@!@STARTMSG 2262:0 @!@!@
TLC2 Version 2.16 of Day Month 20?? (rev: f56cf14)
@!@!@ENDMSG 2262 @!@!@
@!@!@STARTMSG 2188:0 @!@!@
Running Random Simulation with seed 161028338194912933 with 8 workers on 16 cores with 2428MB heap and 5460MB offheap memory [pid: 25514] (Mac OS X 10.16 x86_64, AdoptOpenJDK 14.0.1 x86_64).
@!@!@ENDMSG 2188 @!@!@
@!@!@STARTMSG 2220:0 @!@!@
Starting SANY...
@!@!@ENDMSG 2220 @!@!@
Parsing file /Users/jordanhalterman/Projects/uonos-tlaplus/SDRAN/SDRAN.toolbox/SDRAN/MC.tla
Parsing file /Users/jordanhalterman/Projects/uonos-tlaplus/SDRAN/SDRAN.toolbox/SDRAN/SDRAN.tla
Parsing file /Applications/TLA+ Toolbox.app/Contents/Eclipse/plugins/org.lamport.tlatools_1.0.0.202108042323/tla2sany/StandardModules/TLC.tla
Parsing file /Users/jordanhalterman/Projects/uonos-tlaplus/SDRAN/SDRAN.toolbox/SDRAN/API.tla
Parsing file /Users/jordanhalterman/Projects/uonos-tlaplus/SDRAN/SDRAN.toolbox/SDRAN/Topo.tla
Parsing file /Users/jordanhalterman/Projects/uonos-tlaplus/SDRAN/SDRAN.toolbox/SDRAN/E2T.tla
Parsing file /Users/jordanhalterman/Projects/uonos-tlaplus/SDRAN/SDRAN.toolbox/SDRAN/E2Node.tla
Parsing file /Users/jordanhalterman/Projects/uonos-tlaplus/SDRAN/SDRAN.toolbox/SDRAN/xApp.tla
Parsing file /Users/jordanhalterman/Projects/uonos-tlaplus/SDRAN/SDRAN.toolbox/SDRAN/Protocols.tla
Parsing file /Applications/TLA+ Toolbox.app/Contents/Eclipse/plugins/org.lamport.tlatools_1.0.0.202108042323/tla2sany/StandardModules/Naturals.tla
Parsing file /Applications/TLA+ Toolbox.app/Contents/Eclipse/plugins/org.lamport.tlatools_1.0.0.202108042323/tla2sany/StandardModules/Sequences.tla
Parsing file /Applications/TLA+ Toolbox.app/Contents/Eclipse/plugins/org.lamport.tlatools_1.0.0.202108042323/tla2sany/StandardModules/FiniteSets.tla
Parsing file /Users/jordanhalterman/Projects/uonos-tlaplus/SDRAN/SDRAN.toolbox/SDRAN/SCTP.tla
Parsing file /Users/jordanhalterman/Projects/uonos-tlaplus/SDRAN/SDRAN.toolbox/SDRAN/GRPC.tla
Semantic processing of module Naturals
Semantic processing of module Sequences
Semantic processing of module FiniteSets
Semantic processing of module TLC
Semantic processing of module SCTP
Semantic processing of module GRPC
Semantic processing of module Protocols
Semantic processing of module API
Semantic processing of module Topo
Semantic processing of module E2T
Semantic processing of module E2Node
Semantic processing of module xApp
Semantic processing of module SDRAN
Semantic processing of module MC
@!@!@STARTMSG 2219:0 @!@!@
SANY finished.
@!@!@ENDMSG 2219 @!@!@
@!@!@STARTMSG 2185:0 @!@!@
Starting... (2021-08-13 16:19:08)
@!@!@ENDMSG 2185 @!@!@
@!@!@STARTMSG 2269:0 @!@!@
Computed 1 initial states...
@!@!@ENDMSG 2269 @!@!@
@!@!@STARTMSG 2106:1 @!@!@
State is not completely specified by the initial predicate:
/\ e2tServers = null
/\ e2apServers = null
/\ e2apConns = << >>
/\ topoServers = null
/\ topoConns = << >>
/\ e2tConns = << >>

@!@!@ENDMSG 2106 @!@!@
@!@!@STARTMSG 2186:0 @!@!@
Finished in 627ms at (2021-08-13 16:19:08)
@!@!@ENDMSG 2186 @!@!@
