This is pdfTeX, Version 3.14159265-2.6-1.40.18 (TeX Live 2017) (preloaded format=pdflatex 2018.1.21)  13 AUG 2021 17:44
entering extended mode
 restricted \write18 enabled.
 %&-line parsing enabled.
**Protocols.tex
(./Protocols.tex
LaTeX2e <2017-04-15>
Babel <3.10> and hyphenation patterns for 22 language(s) loaded.

(/usr/local/texlive/2017basic/texmf-dist/tex/latex/base/article.cls
Document Class: article 2014/09/29 v1.4h Standard LaTeX document class
(/usr/local/texlive/2017basic/texmf-dist/tex/latex/base/size10.clo
File: size10.clo 2014/09/29 v1.4h Standard LaTeX file (size option)
)
\c@part=\count79
\c@section=\count80
\c@subsection=\count81
\c@subsubsection=\count82
\c@paragraph=\count83
\c@subparagraph=\count84
\c@figure=\count85
\c@table=\count86
\abovecaptionskip=\skip41
\belowcaptionskip=\skip42
\bibindent=\dimen102
) (/usr/local/texlive/2017basic/texmf-dist/tex/latex/graphics/color.sty
Package: color 2016/07/10 v1.1e Standard LaTeX Color (DPC)
(/usr/local/texlive/2017basic/texmf-dist/tex/latex/graphics-cfg/color.cfg
File: color.cfg 2016/01/02 v1.6 sample color configuration
)
Package color Info: Driver file: pdftex.def on input line 147.
(/usr/local/texlive/2017basic/texmf-dist/tex/latex/graphics-def/pdftex.def
File: pdftex.def 2017/01/12 v0.06k Graphics/color for pdfTeX
(/usr/local/texlive/2017basic/texmf-dist/tex/generic/oberdiek/infwarerr.sty
Package: infwarerr 2016/05/16 v1.4 Providing info/warning/error messages (HO)
) (/usr/local/texlive/2017basic/texmf-dist/tex/generic/oberdiek/ltxcmds.sty
Package: ltxcmds 2016/05/16 v1.23 LaTeX kernel commands for general use (HO)
)
\Gread@gobject=\count87
)) (/usr/local/texlive/2017basic/texmf-dist/tex/latex/base/latexsym.sty
Package: latexsym 1998/08/17 v2.2e Standard LaTeX package (lasy symbols)
\symlasy=\mathgroup4
LaTeX Font Info:    Overwriting symbol font `lasy' in version `bold'
(Font)                  U/lasy/m/n --> U/lasy/b/n on input line 52.
) (/usr/local/texlive/2017basic/texmf-dist/tex/latex/base/ifthen.sty
Package: ifthen 2014/09/29 v1.1c Standard LaTeX ifthen package (DPC)
)
\symlength=\skip43
\equalswidth=\skip44
\charwidth=\skip45
\boxrulewd=\skip46
\boxlineht=\skip47
\boxruleht=\skip48
\boxruledp=\skip49
\pcalvspace=\skip50
\lcomindent=\skip51
\@xlen=\skip52
\templena=\skip53
\templenb=\skip54
\tempboxa=\box26
\vshadelen=\skip55
\boxwidth=\skip56
\multicommentdepth=\skip57
\c@pardepth=\count88
\tempsbox=\box27
\@cparht=\skip58
\@cpardp=\skip59
\xmcomlen=\skip60
\spacewidth=\skip61
\alignboxwidth=\skip62
\alignwidth=\skip63
\alignbox=\box28
\symtlaitalics=\mathgroup5
\c@tlx@ctr=\count89
(/usr/local/texlive/2017basic/texmf-dist/tex/latex/tools/verbatim.sty
Package: verbatim 2014/10/28 v1.5q LaTeX2e package for verbatim enhancements
\every@verbatim=\toks14
\verbatim@line=\toks15
\verbatim@in@stream=\read1
) (./Protocols.aux)
\openout1 = `Protocols.aux'.

LaTeX Font Info:    Checking defaults for OML/cmm/m/it on input line 939.
LaTeX Font Info:    ... okay on input line 939.
LaTeX Font Info:    Checking defaults for T1/cmr/m/n on input line 939.
LaTeX Font Info:    ... okay on input line 939.
LaTeX Font Info:    Checking defaults for OT1/cmr/m/n on input line 939.
LaTeX Font Info:    ... okay on input line 939.
LaTeX Font Info:    Checking defaults for OMS/cmsy/m/n on input line 939.
LaTeX Font Info:    ... okay on input line 939.
LaTeX Font Info:    Checking defaults for OMX/cmex/m/n on input line 939.
LaTeX Font Info:    ... okay on input line 939.
LaTeX Font Info:    Checking defaults for U/cmr/m/n on input line 939.
LaTeX Font Info:    ... okay on input line 939.
(/usr/local/texlive/2017basic/texmf-dist/tex/context/base/mkii/supp-pdf.mkii
[Loading MPS to PDF converter (version 2006.09.02).]
\scratchcounter=\count90
\scratchdimen=\dimen103
\scratchbox=\box29
\nofMPsegments=\count91
\nofMParguments=\count92
\everyMPshowfont=\toks16
\MPscratchCnt=\count93
\MPscratchDim=\dimen104
\MPnumerator=\count94
\makeMPintoPDFobject=\count95
\everyMPtoPDFconversion=\toks17
)
LaTeX Font Info:    External font `cmex10' loaded for size
(Font)              <7> on input line 942.
LaTeX Font Info:    External font `cmex10' loaded for size
(Font)              <5> on input line 942.
LaTeX Font Info:    Try loading font information for U+lasy on input line 942.
(/usr/local/texlive/2017basic/texmf-dist/tex/latex/base/ulasy.fd
File: ulasy.fd 1998/08/17 v2.2e LaTeX symbol font definitions
)
LaTeX Font Info:    External font `cmex10' loaded for size
(Font)              <8> on input line 956.
LaTeX Font Info:    External font `cmex10' loaded for size
(Font)              <6> on input line 956.
[1

{/usr/local/texlive/2017basic/texmf-var/fonts/map/pdftex/updmap/pdftex.map}] [2
] [3]
Overfull \hbox (37.8285pt too wide) in paragraph at lines 1162--1163
[][] 
 []


Overfull \hbox (50.92017pt too wide) in paragraph at lines 1165--1166
[][] 
 []


Overfull \hbox (32.26471pt too wide) in paragraph at lines 1168--1169
[][] 
 []


Overfull \hbox (68.18124pt too wide) in paragraph at lines 1186--1187
[][] 
 []


Overfull \hbox (20.2516pt too wide) in paragraph at lines 1189--1190
[][] 
 []


Overfull \hbox (21.92609pt too wide) in paragraph at lines 1192--1193
[][] 
 []

[4]
Overfull \hbox (131.85861pt too wide) in paragraph at lines 1195--1196
[][] 
 []


Overfull \hbox (82.25897pt too wide) in paragraph at lines 1198--1199
[][] 
 []

[5]
Overfull \hbox (17.45895pt too wide) in paragraph at lines 1304--1305
[][] 
 []


Overfull \hbox (29.40619pt too wide) in paragraph at lines 1310--1311
[][] 
 []


Overfull \hbox (9.48125pt too wide) in paragraph at lines 1316--1317
[][] 
 []


Overfull \hbox (71.2421pt too wide) in paragraph at lines 1322--1323
[][] 
 []

[6]
Overfull \hbox (83.18933pt too wide) in paragraph at lines 1328--1329
[][] 
 []


Overfull \hbox (63.26439pt too wide) in paragraph at lines 1334--1335
[][] 
 []


Overfull \hbox (101.9727pt too wide) in paragraph at lines 1370--1371
[][] 
 []


Overfull \hbox (51.03395pt too wide) in paragraph at lines 1376--1377
[][] 
 []


Overfull \hbox (56.34515pt too wide) in paragraph at lines 1382--1383
[][] 
 []

[7]
Overfull \hbox (165.47818pt too wide) in paragraph at lines 1388--1390
[][] 
 []


Overfull \hbox (114.53943pt too wide) in paragraph at lines 1395--1397
[][] 
 []

[8] [9] [10]
Overfull \hbox (58.37358pt too wide) in paragraph at lines 1666--1668
[][] 
 []


Overfull \hbox (7.43483pt too wide) in paragraph at lines 1668--1670
[][] 
 []


Overfull \hbox (11.97226pt too wide) in paragraph at lines 1672--1674
[][] 
 []


Overfull \hbox (40.42908pt too wide) in paragraph at lines 1682--1684
[][] 
 []


Overfull \hbox (128.37341pt too wide) in paragraph at lines 1684--1686
[][] 
 []


Overfull \hbox (168.84264pt too wide) in paragraph at lines 1686--1688
[][] 
 []


Overfull \hbox (218.53973pt too wide) in paragraph at lines 1690--1692
[][] 
 []

[11]
Overfull \hbox (162.95364pt too wide) in paragraph at lines 1708--1710
[][] 
 []


Overfull \hbox (17.07222pt too wide) in paragraph at lines 1716--1718
[][] 
 []


Overfull \hbox (75.66798pt too wide) in paragraph at lines 1724--1725
[][] 
 []

[12] [13] [14] [15] [16]
Missing character: There is no Â in font cmr8!
Missing character: There is no µ in font cmr8!
Missing character: There is no Â in font cmr8!
Missing character: There is no µ in font cmr8!
[17]
Missing character: There is no Â in font cmr8!
Missing character: There is no µ in font cmr8!
Missing character: There is no Â in font cmr8!
Missing character: There is no µ in font cmr8!
[18]
Missing character: There is no Â in font cmr8!
Missing character: There is no µ in font cmr8!
Missing character: There is no Â in font cmr8!
Missing character: There is no µ in font cmr8!
[19] [20] [21] [22] [23] [24] [25] (./Protocols.aux) ) 
Here is how much of TeX's memory you used:
 1298 strings out of 494437
 16205 string characters out of 6166645
 80296 words of memory out of 5000000
 4675 multiletter control sequences out of 15000+600000
 8810 words of font info for 34 fonts, out of 8000000 for 9000
 319 hyphenation exceptions out of 8191
 23i,10n,25p,233b,331s stack positions out of 5000i,500n,10000p,200000b,80000s
</usr/local/texlive/2017b
asic/texmf-dist/fonts/type1/public/amsfonts/cm/cmcsc10.pfb></usr/local/texlive/
2017basic/texmf-dist/fonts/type1/public/amsfonts/cm/cmmi10.pfb></usr/local/texl
ive/2017basic/texmf-dist/fonts/type1/public/amsfonts/cm/cmr10.pfb></usr/local/t
exlive/2017basic/texmf-dist/fonts/type1/public/amsfonts/cm/cmr5.pfb></usr/local
/texlive/2017basic/texmf-dist/fonts/type1/public/amsfonts/cm/cmr8.pfb></usr/loc
al/texlive/2017basic/texmf-dist/fonts/type1/public/amsfonts/cm/cmr9.pfb></usr/l
ocal/texlive/2017basic/texmf-dist/fonts/type1/public/amsfonts/cm/cmss10.pfb></u
sr/local/texlive/2017basic/texmf-dist/fonts/type1/public/amsfonts/cm/cmsy10.pfb
></usr/local/texlive/2017basic/texmf-dist/fonts/type1/public/amsfonts/cm/cmsy8.
pfb></usr/local/texlive/2017basic/texmf-dist/fonts/type1/public/amsfonts/cm/cmt
i10.pfb></usr/local/texlive/2017basic/texmf-dist/fonts/type1/public/amsfonts/cm
/cmti8.pfb>
Output written on Protocols.pdf (25 pages, 164185 bytes).
PDF statistics:
 129 PDF objects out of 1000 (max. 8388607)
 90 compressed objects within 1 object stream
 0 named destinations out of 1000 (max. 500000)
 1 words of extra memory for PDF output out of 10000 (max. 10000000)

